[debug] [2024-04-17T08:06:33.473Z] ----------------------------------------------------------------------
[debug] [2024-04-17T08:06:33.474Z] Command:       C:\Program Files\nodejs\node.exe C:\Users\hongj\AppData\Roaming\npm\node_modules\firebase-tools\lib\bin\firebase.js init
[debug] [2024-04-17T08:06:33.475Z] CLI Version:   13.6.1
[debug] [2024-04-17T08:06:33.475Z] Platform:      win32
[debug] [2024-04-17T08:06:33.475Z] Node Version:  v18.18.2
[debug] [2024-04-17T08:06:33.476Z] Time:          Wed Apr 17 2024 16:06:33 GMT+0800 (Singapore Standard Time)
[debug] [2024-04-17T08:06:33.476Z] ----------------------------------------------------------------------
[debug] 
[debug] [2024-04-17T08:06:33.528Z] > command requires scopes: ["email","openid","https://www.googleapis.com/auth/cloudplatformprojects.readonly","https://www.googleapis.com/auth/firebase","https://www.googleapis.com/auth/cloud-platform"]
[debug] [2024-04-17T08:06:33.528Z] > authorizing via signed-in user (hongjun820@gmail.com)
[info] 
     ######## #### ########  ######## ########     ###     ######  ########
     ##        ##  ##     ## ##       ##     ##  ##   ##  ##       ##
     ######    ##  ########  ######   ########  #########  ######  ######
     ##        ##  ##    ##  ##       ##     ## ##     ##       ## ##
     ##       #### ##     ## ######## ########  ##     ##  ######  ########

You're about to initialize a Firebase project in this directory:

  C:\Users\hongj\enso-proj

Before we get started, keep in mind:

  * You are initializing within an existing Firebase project directory

[info] 
=== Project Setup
[info] 
[info] First, let's associate this project directory with a Firebase project.
[info] You can create multiple project aliases by running firebase use --add, 
[info] but for now we'll just set up a default project.
[info] 
[debug] [2024-04-17T08:07:19.112Z] Using project from CLI flag: fir-demo-8e94e
[debug] [2024-04-17T08:07:19.113Z] > refreshing access token with scopes: []
[debug] [2024-04-17T08:07:19.114Z] >>> [apiv2][query] POST https://www.googleapis.com/oauth2/v3/token [none]
[debug] [2024-04-17T08:07:19.115Z] >>> [apiv2][body] POST https://www.googleapis.com/oauth2/v3/token [omitted]
[debug] [2024-04-17T08:07:19.239Z] <<< [apiv2][status] POST https://www.googleapis.com/oauth2/v3/token 200
[debug] [2024-04-17T08:07:19.239Z] <<< [apiv2][body] POST https://www.googleapis.com/oauth2/v3/token [omitted]
[debug] [2024-04-17T08:07:19.263Z] >>> [apiv2][query] GET https://firebase.googleapis.com/v1beta1/projects/fir-demo-8e94e [none]
[debug] [2024-04-17T08:07:19.586Z] <<< [apiv2][status] GET https://firebase.googleapis.com/v1beta1/projects/fir-demo-8e94e 200
[debug] [2024-04-17T08:07:19.587Z] <<< [apiv2][body] GET https://firebase.googleapis.com/v1beta1/projects/fir-demo-8e94e {"projectId":"fir-demo-8e94e","projectNumber":"1047879525664","displayName":"firebase-demo","name":"projects/fir-demo-8e94e","resources":{"hostingSite":"fir-demo-8e94e","storageBucket":"fir-demo-8e94e.appspot.com","locationId":"asia-southeast1"},"state":"ACTIVE","etag":"1_aaf25807-3a70-4a2e-ad92-50ca3ad36be0"}
[info] i  Using project fir-demo-8e94e (firebase-demo) 
[info] 
=== Hosting Setup
[debug] [2024-04-17T08:07:19.595Z] >>> [apiv2][query] GET https://firebase.googleapis.com/v1beta1/projects/fir-demo-8e94e [none]
[debug] [2024-04-17T08:07:19.896Z] <<< [apiv2][status] GET https://firebase.googleapis.com/v1beta1/projects/fir-demo-8e94e 200
[debug] [2024-04-17T08:07:19.896Z] <<< [apiv2][body] GET https://firebase.googleapis.com/v1beta1/projects/fir-demo-8e94e {"projectId":"fir-demo-8e94e","projectNumber":"1047879525664","displayName":"firebase-demo","name":"projects/fir-demo-8e94e","resources":{"hostingSite":"fir-demo-8e94e","storageBucket":"fir-demo-8e94e.appspot.com","locationId":"asia-southeast1"},"state":"ACTIVE","etag":"1_aaf25807-3a70-4a2e-ad92-50ca3ad36be0"}
[info] 
[info] Your public directory is the folder (relative to your project directory) that
[info] will contain Hosting assets to be uploaded with firebase deploy. If you
[info] have a build process for your assets, use your build's output directory.
[info] 
[info] i  Skipping write of build/404.html 
[debug] [2024-04-17T08:07:42.579Z] >>> [apiv2][query] GET https://www.gstatic.com/firebasejs/releases.json [none]
[debug] [2024-04-17T08:07:42.611Z] <<< [apiv2][status] GET https://www.gstatic.com/firebasejs/releases.json 200
[debug] [2024-04-17T08:07:42.611Z] <<< [apiv2][body] GET https://www.gstatic.com/firebasejs/releases.json {"current":{"version":"10.11.0","browserURL":"https://www.gstatic.com/firebasejs/10.11.0/firebase.js","packageURL":"https://www.gstatic.com/firebasejs/10.11.0/firebase.tgz"},"live":{"version":"10.11","browserURL":"https://www.gstatic.com/firebasejs/live/10.11/firebase.js","packageURL":"https://www.gstatic.com/firebasejs/live/10.11/firebase.tgz"},"components":{"analytics":"https://www.gstatic.com/firebasejs/10.11.0/firebase-analytics.js","app":"https://www.gstatic.com/firebasejs/10.11.0/firebase-app.js","app-check":"https://www.gstatic.com/firebasejs/10.11.0/firebase-app-check.js","auth":"https://www.gstatic.com/firebasejs/10.11.0/firebase-auth.js","auth/cordova":"https://www.gstatic.com/firebasejs/10.11.0/firebase-auth/cordova.js","auth/web-extension":"https://www.gstatic.com/firebasejs/10.11.0/firebase-auth/web-extension.js","functions":"https://www.gstatic.com/firebasejs/10.11.0/firebase-functions.js","firestore":"https://www.gstatic.com/firebasejs/10.11.0/firebase-firestore.js","firestore/lite":"https://www.gstatic.com/firebasejs/10.11.0/firebase-firestore/lite.js","installations":"https://www.gstatic.com/firebasejs/10.11.0/firebase-installations.js","storage":"https://www.gstatic.com/firebasejs/10.11.0/firebase-storage.js","performance":"https://www.gstatic.com/firebasejs/10.11.0/firebase-performance.js","remote-config":"https://www.gstatic.com/firebasejs/10.11.0/firebase-remote-config.js","messaging":"https://www.gstatic.com/firebasejs/10.11.0/firebase-messaging.js","messaging/sw":"https://www.gstatic.com/firebasejs/10.11.0/firebase-messaging/sw.js","database":"https://www.gstatic.com/firebasejs/10.11.0/firebase-database.js","firestore.memory":"https://www.gstatic.com/firebasejs/10.11.0/firebase-firestore.memory.js"}}
[debug] [2024-04-17T08:08:07.759Z] ----------------------------------------------------------------------
[debug] [2024-04-17T08:08:07.761Z] Command:       C:\Program Files\nodejs\node.exe C:\Users\hongj\AppData\Roaming\npm\node_modules\firebase-tools\lib\bin\firebase.js init
[debug] [2024-04-17T08:08:07.761Z] CLI Version:   13.6.1
[debug] [2024-04-17T08:08:07.761Z] Platform:      win32
[debug] [2024-04-17T08:08:07.761Z] Node Version:  v18.18.2
[debug] [2024-04-17T08:08:07.762Z] Time:          Wed Apr 17 2024 16:08:07 GMT+0800 (Singapore Standard Time)
[debug] [2024-04-17T08:08:07.762Z] ----------------------------------------------------------------------
[debug] 
[debug] [2024-04-17T08:08:07.814Z] > command requires scopes: ["email","openid","https://www.googleapis.com/auth/cloudplatformprojects.readonly","https://www.googleapis.com/auth/firebase","https://www.googleapis.com/auth/cloud-platform"]
[debug] [2024-04-17T08:08:07.814Z] > authorizing via signed-in user (hongjun820@gmail.com)
[info] 
     ######## #### ########  ######## ########     ###     ######  ########
     ##        ##  ##     ## ##       ##     ##  ##   ##  ##       ##
     ######    ##  ########  ######   ########  #########  ######  ######
     ##        ##  ##    ##  ##       ##     ## ##     ##       ## ##
     ##       #### ##     ## ######## ########  ##     ##  ######  ########

You're about to initialize a Firebase project in this directory:

  C:\Users\hongj\enso-proj

Before we get started, keep in mind:

  * You are initializing within an existing Firebase project directory

[info] 
=== Project Setup
[info] 
[info] First, let's associate this project directory with a Firebase project.
[info] You can create multiple project aliases by running firebase use --add, 
[info] but for now we'll just set up a default project.
[info] 
[debug] [2024-04-17T08:08:12.584Z] Using project from CLI flag: fir-demo-8e94e
[debug] [2024-04-17T08:08:12.585Z] >>> [apiv2][query] GET https://firebase.googleapis.com/v1beta1/projects/fir-demo-8e94e [none]
[debug] [2024-04-17T08:08:12.999Z] <<< [apiv2][status] GET https://firebase.googleapis.com/v1beta1/projects/fir-demo-8e94e 200
[debug] [2024-04-17T08:08:12.999Z] <<< [apiv2][body] GET https://firebase.googleapis.com/v1beta1/projects/fir-demo-8e94e {"projectId":"fir-demo-8e94e","projectNumber":"1047879525664","displayName":"firebase-demo","name":"projects/fir-demo-8e94e","resources":{"hostingSite":"fir-demo-8e94e","storageBucket":"fir-demo-8e94e.appspot.com","locationId":"asia-southeast1"},"state":"ACTIVE","etag":"1_aaf25807-3a70-4a2e-ad92-50ca3ad36be0"}
[info] i  Using project fir-demo-8e94e (firebase-demo) 
[info] 
=== Hosting Setup
[debug] [2024-04-17T08:08:13.014Z] >>> [apiv2][query] GET https://firebase.googleapis.com/v1beta1/projects/fir-demo-8e94e [none]
[debug] [2024-04-17T08:08:13.296Z] <<< [apiv2][status] GET https://firebase.googleapis.com/v1beta1/projects/fir-demo-8e94e 200
[debug] [2024-04-17T08:08:13.296Z] <<< [apiv2][body] GET https://firebase.googleapis.com/v1beta1/projects/fir-demo-8e94e {"projectId":"fir-demo-8e94e","projectNumber":"1047879525664","displayName":"firebase-demo","name":"projects/fir-demo-8e94e","resources":{"hostingSite":"fir-demo-8e94e","storageBucket":"fir-demo-8e94e.appspot.com","locationId":"asia-southeast1"},"state":"ACTIVE","etag":"1_aaf25807-3a70-4a2e-ad92-50ca3ad36be0"}
[info] 
[info] Your public directory is the folder (relative to your project directory) that
[info] will contain Hosting assets to be uploaded with firebase deploy. If you
[info] have a build process for your assets, use your build's output directory.
[info] 
[info] i  Skipping write of build/404.html 
[debug] [2024-04-17T08:08:24.995Z] >>> [apiv2][query] GET https://www.gstatic.com/firebasejs/releases.json [none]
[debug] [2024-04-17T08:08:25.021Z] <<< [apiv2][status] GET https://www.gstatic.com/firebasejs/releases.json 200
[debug] [2024-04-17T08:08:25.022Z] <<< [apiv2][body] GET https://www.gstatic.com/firebasejs/releases.json {"current":{"version":"10.11.0","browserURL":"https://www.gstatic.com/firebasejs/10.11.0/firebase.js","packageURL":"https://www.gstatic.com/firebasejs/10.11.0/firebase.tgz"},"live":{"version":"10.11","browserURL":"https://www.gstatic.com/firebasejs/live/10.11/firebase.js","packageURL":"https://www.gstatic.com/firebasejs/live/10.11/firebase.tgz"},"components":{"analytics":"https://www.gstatic.com/firebasejs/10.11.0/firebase-analytics.js","app":"https://www.gstatic.com/firebasejs/10.11.0/firebase-app.js","app-check":"https://www.gstatic.com/firebasejs/10.11.0/firebase-app-check.js","auth":"https://www.gstatic.com/firebasejs/10.11.0/firebase-auth.js","auth/cordova":"https://www.gstatic.com/firebasejs/10.11.0/firebase-auth/cordova.js","auth/web-extension":"https://www.gstatic.com/firebasejs/10.11.0/firebase-auth/web-extension.js","functions":"https://www.gstatic.com/firebasejs/10.11.0/firebase-functions.js","firestore":"https://www.gstatic.com/firebasejs/10.11.0/firebase-firestore.js","firestore/lite":"https://www.gstatic.com/firebasejs/10.11.0/firebase-firestore/lite.js","installations":"https://www.gstatic.com/firebasejs/10.11.0/firebase-installations.js","storage":"https://www.gstatic.com/firebasejs/10.11.0/firebase-storage.js","performance":"https://www.gstatic.com/firebasejs/10.11.0/firebase-performance.js","remote-config":"https://www.gstatic.com/firebasejs/10.11.0/firebase-remote-config.js","messaging":"https://www.gstatic.com/firebasejs/10.11.0/firebase-messaging.js","messaging/sw":"https://www.gstatic.com/firebasejs/10.11.0/firebase-messaging/sw.js","database":"https://www.gstatic.com/firebasejs/10.11.0/firebase-database.js","firestore.memory":"https://www.gstatic.com/firebasejs/10.11.0/firebase-firestore.memory.js"}}
[info] i  Skipping write of build/index.html 
[info] 
[info] i  Detected a .git folder at C:\Users\hongj\enso-proj 
[info] i  Authorizing with GitHub to upload your service account to a GitHub repository's secrets store. 
[info] 
[info] Visit this URL on this device to log in:
[info] https://github.com/login/oauth/authorize?client_id=89cf50f02ac6aaed3484&state=359019370&redirect_uri=http%3A%2F%2Flocalhost%3A9005&scope=read%3Auser%20repo%20public_repo
[info] 
[info] Waiting for authentication...
[debug] [2024-04-17T08:08:30.693Z] >>> [apiv2][query] POST https://github.com/login/oauth/access_token [none]
[debug] [2024-04-17T08:08:30.693Z] >>> [apiv2][body] POST https://github.com/login/oauth/access_token [stream]
[debug] [2024-04-17T08:08:31.060Z] <<< [apiv2][status] POST https://github.com/login/oauth/access_token 200
[debug] [2024-04-17T08:08:31.060Z] <<< [apiv2][body] POST https://github.com/login/oauth/access_token {"access_token":"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","token_type":"bearer","scope":"read:user,repo"}
[debug] [2024-04-17T08:08:31.074Z] >>> [apiv2][query] GET https://api.github.com/user [none]
[debug] [2024-04-17T08:08:31.455Z] <<< [apiv2][status] GET https://api.github.com/user 200
[debug] [2024-04-17T08:08:31.455Z] <<< [apiv2][body] GET https://api.github.com/user {"login":"Madsakra","id":121078042,"node_id":"U_kgDOBzeBGg","avatar_url":"https://avatars.githubusercontent.com/u/121078042?v=4","gravatar_id":"","url":"https://api.github.com/users/Madsakra","html_url":"https://github.com/Madsakra","followers_url":"https://api.github.com/users/Madsakra/followers","following_url":"https://api.github.com/users/Madsakra/following{/other_user}","gists_url":"https://api.github.com/users/Madsakra/gists{/gist_id}","starred_url":"https://api.github.com/users/Madsakra/starred{/owner}{/repo}","subscriptions_url":"https://api.github.com/users/Madsakra/subscriptions","organizations_url":"https://api.github.com/users/Madsakra/orgs","repos_url":"https://api.github.com/users/Madsakra/repos","events_url":"https://api.github.com/users/Madsakra/events{/privacy}","received_events_url":"https://api.github.com/users/Madsakra/received_events","type":"User","site_admin":false,"name":"Colin Yeo","company":null,"blog":"","location":null,"email":null,"hireable":null,"bio":null,"twitter_username":null,"public_repos":4,"public_gists":1,"followers":0,"following":0,"created_at":"2022-12-20T04:45:23Z","updated_at":"2024-04-04T09:21:57Z","private_gists":0,"total_private_repos":0,"owned_private_repos":0,"disk_usage":19391,"collaborators":0,"two_factor_authentication":false,"plan":{"name":"free","space":976562499,"collaborators":0,"private_repos":10000}}
[info] 
[info] +  Success! Logged into GitHub as Madsakra 
[info] 
